<?xml version="1.0" encoding="UTF-8" ?>
<testsuite tests="1" failures="1" name="com.cosumar.itilccm.spring1.TestJPA" time="1.784" errors="0" skipped="0">
  <properties>
[...]
</properties>
  <testcase classname="com.cosumar.itilccm.spring1.TestJPA" name="test" time="1.784">
    <failure message="Configuration problem: No AuthenticationEntryPoint could be established. Please make sure you have a login mechanism configured through the namespace (such as form-login) or specify a custom AuthenticationEntryPoint with the &apos;entry-point-ref&apos; attribute 
Offending resource: class path resource [applicationContext.xml]" type="java.lang.AssertionError">java.lang.AssertionError: Configuration problem: No AuthenticationEntryPoint could be established. Please make sure you have a login mechanism configured through the namespace (such as form-login) or specify a custom AuthenticationEntryPoint with the &apos;entry-point-ref&apos; attribute 
Offending resource: class path resource [applicationContext.xml]
	at org.junit.Assert.fail(Assert.java:91)
	at org.junit.Assert.assertTrue(Assert.java:43)
	at com.cosumar.itilccm.spring1.TestJPA.test(TestJPA.java:21)
	at sun.reflect.NativeMethodAccessorImpl.invoke0(Native Method)
	at sun.reflect.NativeMethodAccessorImpl.invoke(Unknown Source)
	at sun.reflect.DelegatingMethodAccessorImpl.invoke(Unknown Source)
	at java.lang.reflect.Method.invoke(Unknown Source)
	at org.junit.runners.model.FrameworkMethod$1.runReflectiveCall(FrameworkMethod.java:44)
	at org.junit.internal.runners.model.ReflectiveCallable.run(ReflectiveCallable.java:15)
	at org.junit.runners.model.FrameworkMethod.invokeExplosively(FrameworkMethod.java:41)
	at org.junit.internal.runners.statements.InvokeMethod.evaluate(InvokeMethod.java:20)
	at org.junit.internal.runners.statements.RunBefores.evaluate(RunBefores.java:28)
	at org.junit.runners.BlockJUnit4ClassRunner.runChild(BlockJUnit4ClassRunner.java:76)
	at org.junit.runners.BlockJUnit4ClassRunner.runChild(BlockJUnit4ClassRunner.java:50)
	at org.junit.runners.ParentRunner$3.run(ParentRunner.java:193)
	at org.junit.runners.ParentRunner$1.schedule(ParentRunner.java:52)
	at org.junit.runners.ParentRunner.runChildren(ParentRunner.java:191)
	at org.junit.runners.ParentRunner.access$000(ParentRunner.java:42)
	at org.junit.runners.ParentRunner$2.evaluate(ParentRunner.java:184)
	at org.junit.runners.ParentRunner.run(ParentRunner.java:236)
	at org.apache.maven.surefire.junit4.JUnit4Provider.execute(JUnit4Provider.java:252)
	at org.apache.maven.surefire.junit4.JUnit4Provider.executeTestSet(JUnit4Provider.java:141)
	at org.apache.maven.surefire.junit4.JUnit4Provider.invoke(JUnit4Provider.java:112)
	at sun.reflect.NativeMethodAccessorImpl.invoke0(Native Method)
	at sun.reflect.NativeMethodAccessorImpl.invoke(Unknown Source)
	at sun.reflect.DelegatingMethodAccessorImpl.invoke(Unknown Source)
	at java.lang.reflect.Method.invoke(Unknown Source)
	at org.apache.maven.surefire.util.ReflectionUtils.invokeMethodWithArray(ReflectionUtils.java:189)
	at org.apache.maven.surefire.booter.ProviderFactory$ProviderProxy.invoke(ProviderFactory.java:165)
	at org.apache.maven.surefire.booter.ProviderFactory.invokeProvider(ProviderFactory.java:85)
	at org.apache.maven.surefire.booter.ForkedBooter.runSuitesInProcess(ForkedBooter.java:115)
	at org.apache.maven.surefire.booter.ForkedBooter.main(ForkedBooter.java:75)
</failure>
    <system-out>INFO : org.springframework.context.support.ClassPathXmlApplicationContext - Refreshing org.springframework.context.support.ClassPathXmlApplicationContext@17c68925: startup date [Thu Mar 24 00:00:10 GMT 2016]; root of context hierarchy
INFO : org.springframework.beans.factory.xml.XmlBeanDefinitionReader - Loading XML bean definitions from class path resource [applicationContext.xml]
INFO : org.springframework.security.core.SpringSecurityCoreVersion - You are running with Spring Security Core 3.2.0.RELEASE
WARN : org.springframework.security.core.SpringSecurityCoreVersion - **** You are advised to use Spring 3.2.6.RELEASE or later with this version. You are running: 3.2.2.RELEASE
INFO : org.springframework.security.config.SecurityNamespaceHandler - Spring Security &apos;config&apos; module version is 3.2.0.RELEASE
</system-out>
  </testcase>
</testsuite>